<?xml version="1.0" encoding="UTF-8"?>
<testng-results skipped="0" failed="0" ignored="0" total="1" passed="1">
  <reporter-output>
    <line>
      <![CDATA[OpenBrowser]]>
    </line>
    <line>
      <![CDATA[Login]]>
    </line>
    <line>
      <![CDATA[createcustomer]]>
    </line>
    <line>
      <![CDATA[Logout]]>
    </line>
    <line>
      <![CDATA[CloseBrowser]]>
    </line>
  </reporter-output>
  <suite name="Default suite" duration-ms="25065" started-at="2021-10-20T10:31:05 IST" finished-at="2021-10-20T10:31:30 IST">
    <groups>
    </groups>
    <test name="Default test" duration-ms="25065" started-at="2021-10-20T10:31:05 IST" finished-at="2021-10-20T10:31:30 IST">
      <class name="com.actitime.testscripts.CustomerModule">
        <test-method status="PASS" signature="OpenBrowser()[pri:0, instance:com.actitime.testscripts.CustomerModule@4d50efb8]" name="OpenBrowser" is-config="true" duration-ms="9665" started-at="2021-10-20T10:31:05 IST" finished-at="2021-10-20T10:31:15 IST">
          <reporter-output>
            <line>
              <![CDATA[OpenBrowser]]>
            </line>
          </reporter-output>
        </test-method> <!-- OpenBrowser -->
        <test-method status="PASS" signature="Login()[pri:0, instance:com.actitime.testscripts.CustomerModule@4d50efb8]" name="Login" is-config="true" duration-ms="14871" started-at="2021-10-20T10:31:15 IST" finished-at="2021-10-20T10:31:30 IST">
          <reporter-output>
            <line>
              <![CDATA[Login]]>
            </line>
          </reporter-output>
        </test-method> <!-- Login -->
        <test-method status="PASS" signature="CreateCustomer()[pri:0, instance:com.actitime.testscripts.CustomerModule@4d50efb8]" name="CreateCustomer" duration-ms="9" started-at="2021-10-20T10:31:30 IST" finished-at="2021-10-20T10:31:30 IST">
          <reporter-output>
            <line>
              <![CDATA[createcustomer]]>
            </line>
          </reporter-output>
        </test-method> <!-- CreateCustomer -->
        <test-method status="PASS" signature="Logout()[pri:0, instance:com.actitime.testscripts.CustomerModule@4d50efb8]" name="Logout" is-config="true" duration-ms="0" started-at="2021-10-20T10:31:30 IST" finished-at="2021-10-20T10:31:30 IST">
          <reporter-output>
            <line>
              <![CDATA[Logout]]>
            </line>
          </reporter-output>
        </test-method> <!-- Logout -->
        <test-method status="PASS" signature="CloseBrowse()[pri:0, instance:com.actitime.testscripts.CustomerModule@4d50efb8]" name="CloseBrowse" is-config="true" duration-ms="393" started-at="2021-10-20T10:31:30 IST" finished-at="2021-10-20T10:31:30 IST">
          <reporter-output>
            <line>
              <![CDATA[CloseBrowser]]>
            </line>
          </reporter-output>
        </test-method> <!-- CloseBrowse -->
      </class> <!-- com.actitime.testscripts.CustomerModule -->
    </test> <!-- Default test -->
  </suite> <!-- Default suite -->
</testng-results>
